<?xml version="1.0" encoding="UTF-8"?>
<!-- Generated by org.testng.reporters.JUnitXMLReporter -->
<testsuite hostname="TL0017" ignored="0" name="Test" tests="3" failures="0" timestamp="2023-10-17T11:31:03 IST" time="174.968" errors="0">
  <testcase name="runCreatelead" time="15.505" classname="testcase.CreateLead"/>
  <testcase name="runCreatelead" time="16.352" classname="testcase.CreateLead"/>
  <testcase name="runCreatelead" time="14.967" classname="testcase.CreateLead"/>
</testsuite> <!-- Test -->
