<?xml version="1.0" encoding="UTF-8"?>
<!-- Generated by org.testng.reporters.JUnitXMLReporter -->
<testsuite hostname="TL0017" ignored="0" name="ParallelTest" tests="3" failures="0" timestamp="2023-10-16T11:45:54 IST" time="72.37" errors="0">
  <testcase name="runCreatelead" time="43.782" classname="testcase.CreateLead"/>
  <testcase name="runDeletelead" time="48.408" classname="testcase.DeleteLead"/>
  <testcase name="runDuplicatelead" time="28.369" classname="testcase.DuplicateLead"/>
</testsuite> <!-- ParallelTest -->
